<?xml version="1.0" encoding="UTF-8"?>
<!-- Generated by org.testng.reporters.JUnitXMLReporter -->
<testsuite ignored="0" hostname="DESKTOP-P1434LQ" failures="1" tests="9" name="Test" time="76.247" errors="0" timestamp="2024-07-28T05:45:25 GMT-11:00">
  <testcase classname="TestCases.HomePageTest" name="TC03_SomeName" time="0.012"/>
  <testcase classname="TestCases.LoginTest" name="TC01_LoginFailureTest" time="4.312">
    <failure type="junit.framework.ComparisonFailure" message="expected:&amp;lt;The email or password you have entered is invalid&amp;gt; but was:&amp;lt;Please enter a valid email address&amp;gt;">
      <![CDATA[junit.framework.ComparisonFailure: expected:<The email or password you have entered is invalid> but was:<Please enter a valid email address>
at junit.framework.Assert.assertEquals(Assert.java:81)
at junit.framework.Assert.assertEquals(Assert.java:87)
at Pages.LoginPage.ValidateErrorMsg(LoginPage.java:46)
at TestCases.LoginTest.TC01_LoginFailureTest(LoginTest.java:22)
at java.base/java.util.ArrayList.forEach(ArrayList.java:1597)
... Removed 25 stack frames]]>
    </failure>
  </testcase> <!-- TC01_LoginFailureTest -->
  <testcase classname="TestCases.LoginTest" name="TC02_LoginSuccessTest" time="3.905"/>
  <testcase classname="TestCases.LoginTest" name="TC03_LoginSuccessTest" time="3.898"/>
  <testcase classname="TestCases.LoginTest" name="TC04_LoginSuccessTest" time="7.488"/>
  <testcase classname="TestCases.LoginTest" name="TC04_LoginSuccessTest" time="7.718"/>
  <testcase classname="TestCases.LoginTest" name="TC04_LoginSuccessTest" time="8.197"/>
  <testcase classname="TestCases.LoginTest" name="TC04_LoginSuccessTest" time="6.23"/>
  <testcase classname="TestCases.LoginTest" name="TC04_LoginSuccessTest" time="6.94"/>
</testsuite> <!-- Test -->
