<?xml version="1.0" encoding="UTF-8"?>
<testng-results ignored="5" total="7" passed="1" failed="1" skipped="0">
  <reporter-output>
  </reporter-output>
  <suite started-at="2024-10-06T05:48:44 GMT-11:00" name="sanity" finished-at="2024-10-06T05:50:17 GMT-11:00" duration-ms="93088">
    <groups>
      <group name="sanity">
        <method signature="LoginTest.TC01_LoginFailureTest()[pri:0, instance:TestCases.LoginTest@38cee291]" name="TC01_LoginFailureTest" class="TestCases.LoginTest"/>
        <method signature="LoginTest.TC02_LoginSuccessTest()[pri:0, instance:TestCases.LoginTest@38cee291]" name="TC02_LoginSuccessTest" class="TestCases.LoginTest"/>
      </group> <!-- sanity -->
    </groups>
    <test started-at="2024-10-06T05:48:44 GMT-11:00" name="Test" finished-at="2024-10-06T05:50:17 GMT-11:00" duration-ms="93088">
      <class name="TestCases.LoginTest">
        <test-method is-config="true" signature="SetUpDriver()[pri:0, instance:TestCases.LoginTest@38cee291]" started-at="2024-10-06T05:48:44 GMT-11:00" name="SetUpDriver" finished-at="2024-10-06T05:49:49 GMT-11:00" duration-ms="64243" status="PASS">
          <reporter-output>
          </reporter-output>
        </test-method> <!-- SetUpDriver -->
        <test-method signature="TC01_LoginFailureTest()[pri:0, instance:TestCases.LoginTest@38cee291]" started-at="2024-10-06T05:49:49 GMT-11:00" name="TC01_LoginFailureTest" description="Login Failure" finished-at="2024-10-06T05:50:00 GMT-11:00" duration-ms="11590" status="FAIL">
          <exception class="junit.framework.ComparisonFailure">
            <message>
              <![CDATA[expected:<The email or password you have entered is invalid> but was:<Please enter a valid email address>]]>
            </message>
            <full-stacktrace>
              <![CDATA[junit.framework.ComparisonFailure: expected:<The email or password you have entered is invalid> but was:<Please enter a valid email address>
at junit.framework.Assert.assertEquals(Assert.java:81)
at junit.framework.Assert.assertEquals(Assert.java:87)
at Pages.LoginPage.ValidateErrorMsg(LoginPage.java:46)
at TestCases.LoginTest.TC01_LoginFailureTest(LoginTest.java:22)
at java.base/jdk.internal.reflect.NativeMethodAccessorImpl.invoke0(Native Method)
at java.base/jdk.internal.reflect.NativeMethodAccessorImpl.invoke(NativeMethodAccessorImpl.java:62)
at java.base/jdk.internal.reflect.DelegatingMethodAccessorImpl.invoke(DelegatingMethodAccessorImpl.java:43)
at java.base/java.lang.reflect.Method.invoke(Method.java:566)
at org.testng.internal.invokers.MethodInvocationHelper.invokeMethod(MethodInvocationHelper.java:139)
at org.testng.internal.invokers.TestInvoker.invokeMethod(TestInvoker.java:677)
at org.testng.internal.invokers.TestInvoker.invokeTestMethod(TestInvoker.java:221)
at org.testng.internal.invokers.MethodRunner.runInSequence(MethodRunner.java:50)
at org.testng.internal.invokers.TestInvoker$MethodInvocationAgent.invoke(TestInvoker.java:969)
at org.testng.internal.invokers.TestInvoker.invokeTestMethods(TestInvoker.java:194)
at org.testng.internal.invokers.TestMethodWorker.invokeTestMethods(TestMethodWorker.java:148)
at org.testng.internal.invokers.TestMethodWorker.run(TestMethodWorker.java:128)
at java.base/java.util.ArrayList.forEach(ArrayList.java:1541)
at org.testng.TestRunner.privateRun(TestRunner.java:829)
at org.testng.TestRunner.run(TestRunner.java:602)
at org.testng.SuiteRunner.runTest(SuiteRunner.java:437)
at org.testng.SuiteRunner.runSequentially(SuiteRunner.java:431)
at org.testng.SuiteRunner.privateRun(SuiteRunner.java:391)
at org.testng.SuiteRunner.run(SuiteRunner.java:330)
at org.testng.SuiteRunnerWorker.runSuite(SuiteRunnerWorker.java:52)
at org.testng.SuiteRunnerWorker.run(SuiteRunnerWorker.java:95)
at org.testng.TestNG.runSuitesSequentially(TestNG.java:1256)
at org.testng.TestNG.runSuitesLocally(TestNG.java:1176)
at org.testng.TestNG.runSuites(TestNG.java:1099)
at org.testng.TestNG.run(TestNG.java:1067)
at org.apache.maven.surefire.testng.TestNGExecutor.run(TestNGExecutor.java:284)
at org.apache.maven.surefire.testng.TestNGXmlTestSuite.execute(TestNGXmlTestSuite.java:75)
at org.apache.maven.surefire.testng.TestNGProvider.invoke(TestNGProvider.java:119)
at org.apache.maven.surefire.booter.ForkedBooter.runSuitesInProcess(ForkedBooter.java:428)
at org.apache.maven.surefire.booter.ForkedBooter.execute(ForkedBooter.java:162)
at org.apache.maven.surefire.booter.ForkedBooter.run(ForkedBooter.java:562)
at org.apache.maven.surefire.booter.ForkedBooter.main(ForkedBooter.java:548)
]]>
            </full-stacktrace>
          </exception> <!-- junit.framework.ComparisonFailure -->
          <reporter-output>
          </reporter-output>
        </test-method> <!-- TC01_LoginFailureTest -->
        <test-method is-config="true" signature="TearDown()[pri:0, instance:TestCases.LoginTest@38cee291]" started-at="2024-10-06T05:50:01 GMT-11:00" name="TearDown" finished-at="2024-10-06T05:50:04 GMT-11:00" duration-ms="2765" status="PASS">
          <reporter-output>
          </reporter-output>
        </test-method> <!-- TearDown -->
        <test-method is-config="true" signature="SetUpDriver()[pri:0, instance:TestCases.LoginTest@38cee291]" started-at="2024-10-06T05:50:04 GMT-11:00" name="SetUpDriver" finished-at="2024-10-06T05:50:11 GMT-11:00" duration-ms="7332" status="PASS">
          <reporter-output>
          </reporter-output>
        </test-method> <!-- SetUpDriver -->
        <test-method signature="TC02_LoginSuccessTest()[pri:0, instance:TestCases.LoginTest@38cee291]" started-at="2024-10-06T05:50:11 GMT-11:00" name="TC02_LoginSuccessTest" description="Login Success" finished-at="2024-10-06T05:50:16 GMT-11:00" duration-ms="5057" status="PASS">
          <reporter-output>
          </reporter-output>
        </test-method> <!-- TC02_LoginSuccessTest -->
        <test-method is-config="true" signature="TearDown()[pri:0, instance:TestCases.LoginTest@38cee291]" started-at="2024-10-06T05:50:16 GMT-11:00" name="TearDown" finished-at="2024-10-06T05:50:17 GMT-11:00" duration-ms="1415" status="PASS">
          <reporter-output>
          </reporter-output>
        </test-method> <!-- TearDown -->
      </class> <!-- TestCases.LoginTest -->
      <class name="TestCases.HomePageTest">
        <test-method is-config="true" signature="SetUpExcel()[pri:0, instance:TestCases.HomePageTest@5824a83d]" started-at="2024-10-06T05:48:44 GMT-11:00" name="SetUpExcel" finished-at="2024-10-06T05:48:44 GMT-11:00" duration-ms="24" status="PASS">
          <reporter-output>
          </reporter-output>
        </test-method> <!-- SetUpExcel -->
        <test-method is-config="true" signature="CloseExcel()[pri:0, instance:TestCases.HomePageTest@5824a83d]" started-at="2024-10-06T05:50:17 GMT-11:00" name="CloseExcel" finished-at="2024-10-06T05:50:17 GMT-11:00" duration-ms="0" status="PASS">
          <reporter-output>
          </reporter-output>
        </test-method> <!-- CloseExcel -->
      </class> <!-- TestCases.HomePageTest -->
    </test> <!-- Test -->
  </suite> <!-- sanity -->
</testng-results>
