<?xml version="1.0" encoding="UTF-8"?>
<testng-results ignored="0" total="9" passed="8" failed="1" skipped="0">
  <reporter-output>
  </reporter-output>
  <suite started-at="2024-07-28T05:44:09 GMT-11:00" name="Suite" finished-at="2024-07-28T05:45:25 GMT-11:00" duration-ms="76247">
    <groups>
    </groups>
    <test started-at="2024-07-28T05:44:09 GMT-11:00" name="Test" finished-at="2024-07-28T05:45:25 GMT-11:00" duration-ms="76247">
      <class name="TestCases.LoginTest">
        <test-method is-config="true" signature="SetUpDriver()[pri:0, instance:TestCases.LoginTest@1caa0244]" started-at="2024-07-28T05:44:12 GMT-11:00" name="SetUpDriver" finished-at="2024-07-28T05:44:15 GMT-11:00" duration-ms="2367" status="PASS">
          <reporter-output>
          </reporter-output>
        </test-method> <!-- SetUpDriver -->
        <test-method signature="TC01_LoginFailureTest()[pri:0, instance:TestCases.LoginTest@1caa0244]" started-at="2024-07-28T05:44:15 GMT-11:00" name="TC01_LoginFailureTest" finished-at="2024-07-28T05:44:19 GMT-11:00" duration-ms="4312" status="FAIL">
          <exception class="junit.framework.ComparisonFailure">
            <message>
              <![CDATA[expected:<The email or password you have entered is invalid> but was:<Please enter a valid email address>]]>
            </message>
            <full-stacktrace>
              <![CDATA[junit.framework.ComparisonFailure: expected:<The email or password you have entered is invalid> but was:<Please enter a valid email address>
at junit.framework.Assert.assertEquals(Assert.java:81)
at junit.framework.Assert.assertEquals(Assert.java:87)
at Pages.LoginPage.ValidateErrorMsg(LoginPage.java:46)
at TestCases.LoginTest.TC01_LoginFailureTest(LoginTest.java:22)
at java.base/jdk.internal.reflect.DirectMethodHandleAccessor.invoke(DirectMethodHandleAccessor.java:103)
at java.base/java.lang.reflect.Method.invoke(Method.java:580)
at org.testng.internal.invokers.MethodInvocationHelper.invokeMethod(MethodInvocationHelper.java:139)
at org.testng.internal.invokers.TestInvoker.invokeMethod(TestInvoker.java:677)
at org.testng.internal.invokers.TestInvoker.invokeTestMethod(TestInvoker.java:221)
at org.testng.internal.invokers.MethodRunner.runInSequence(MethodRunner.java:50)
at org.testng.internal.invokers.TestInvoker$MethodInvocationAgent.invoke(TestInvoker.java:969)
at org.testng.internal.invokers.TestInvoker.invokeTestMethods(TestInvoker.java:194)
at org.testng.internal.invokers.TestMethodWorker.invokeTestMethods(TestMethodWorker.java:148)
at org.testng.internal.invokers.TestMethodWorker.run(TestMethodWorker.java:128)
at java.base/java.util.ArrayList.forEach(ArrayList.java:1597)
at org.testng.TestRunner.privateRun(TestRunner.java:829)
at org.testng.TestRunner.run(TestRunner.java:602)
at org.testng.SuiteRunner.runTest(SuiteRunner.java:437)
at org.testng.SuiteRunner.runSequentially(SuiteRunner.java:431)
at org.testng.SuiteRunner.privateRun(SuiteRunner.java:391)
at org.testng.SuiteRunner.run(SuiteRunner.java:330)
at org.testng.SuiteRunnerWorker.runSuite(SuiteRunnerWorker.java:52)
at org.testng.SuiteRunnerWorker.run(SuiteRunnerWorker.java:95)
at org.testng.TestNG.runSuitesSequentially(TestNG.java:1256)
at org.testng.TestNG.runSuitesLocally(TestNG.java:1176)
at org.testng.TestNG.runSuites(TestNG.java:1099)
at org.testng.TestNG.run(TestNG.java:1067)
at org.testng.remote.AbstractRemoteTestNG.run(AbstractRemoteTestNG.java:115)
at org.testng.remote.RemoteTestNG.initAndRun(RemoteTestNG.java:293)
at org.testng.remote.RemoteTestNG.main(RemoteTestNG.java:91)
]]>
            </full-stacktrace>
          </exception> <!-- junit.framework.ComparisonFailure -->
          <reporter-output>
          </reporter-output>
        </test-method> <!-- TC01_LoginFailureTest -->
        <test-method is-config="true" signature="TearDown()[pri:0, instance:TestCases.LoginTest@1caa0244]" started-at="2024-07-28T05:44:20 GMT-11:00" name="TearDown" finished-at="2024-07-28T05:44:20 GMT-11:00" duration-ms="166" status="PASS">
          <reporter-output>
          </reporter-output>
        </test-method> <!-- TearDown -->
        <test-method is-config="true" signature="SetUpDriver()[pri:0, instance:TestCases.LoginTest@1caa0244]" started-at="2024-07-28T05:44:20 GMT-11:00" name="SetUpDriver" finished-at="2024-07-28T05:44:22 GMT-11:00" duration-ms="2158" status="PASS">
          <reporter-output>
          </reporter-output>
        </test-method> <!-- SetUpDriver -->
        <test-method signature="TC02_LoginSuccessTest()[pri:0, instance:TestCases.LoginTest@1caa0244]" started-at="2024-07-28T05:44:22 GMT-11:00" name="TC02_LoginSuccessTest" finished-at="2024-07-28T05:44:26 GMT-11:00" duration-ms="3905" status="PASS">
          <reporter-output>
          </reporter-output>
        </test-method> <!-- TC02_LoginSuccessTest -->
        <test-method is-config="true" signature="TearDown()[pri:0, instance:TestCases.LoginTest@1caa0244]" started-at="2024-07-28T05:44:26 GMT-11:00" name="TearDown" finished-at="2024-07-28T05:44:26 GMT-11:00" duration-ms="204" status="PASS">
          <reporter-output>
          </reporter-output>
        </test-method> <!-- TearDown -->
        <test-method is-config="true" signature="SetUpDriver()[pri:0, instance:TestCases.LoginTest@1caa0244]" started-at="2024-07-28T05:44:26 GMT-11:00" name="SetUpDriver" finished-at="2024-07-28T05:44:29 GMT-11:00" duration-ms="2715" status="PASS">
          <reporter-output>
          </reporter-output>
        </test-method> <!-- SetUpDriver -->
        <test-method signature="TC03_LoginSuccessTest(java.lang.String,java.lang.String)[pri:0, instance:TestCases.LoginTest@1caa0244]" started-at="2024-07-28T05:44:29 GMT-11:00" name="TC03_LoginSuccessTest" finished-at="2024-07-28T05:44:33 GMT-11:00" duration-ms="3898" status="PASS">
          <params>
            <param index="0">
              <value>
                <![CDATA[abc@098.com]]>
              </value>
            </param>
            <param index="1">
              <value>
                <![CDATA[xyz@123]]>
              </value>
            </param>
          </params>
          <reporter-output>
          </reporter-output>
        </test-method> <!-- TC03_LoginSuccessTest -->
        <test-method is-config="true" signature="TearDown()[pri:0, instance:TestCases.LoginTest@1caa0244]" started-at="2024-07-28T05:44:33 GMT-11:00" name="TearDown" finished-at="2024-07-28T05:44:33 GMT-11:00" duration-ms="177" status="PASS">
          <reporter-output>
          </reporter-output>
        </test-method> <!-- TearDown -->
        <test-method is-config="true" signature="SetUpDriver()[pri:0, instance:TestCases.LoginTest@1caa0244]" started-at="2024-07-28T05:44:33 GMT-11:00" name="SetUpDriver" finished-at="2024-07-28T05:44:35 GMT-11:00" duration-ms="2650" status="PASS">
          <reporter-output>
          </reporter-output>
        </test-method> <!-- SetUpDriver -->
        <test-method signature="TC04_LoginSuccessTest(java.lang.String)[pri:0, instance:TestCases.LoginTest@1caa0244]" started-at="2024-07-28T05:44:35 GMT-11:00" name="TC04_LoginSuccessTest" data-provider="dp" finished-at="2024-07-28T05:44:43 GMT-11:00" duration-ms="7488" status="PASS">
          <params>
            <param index="0">
              <value>
                <![CDATA[ddd@xyz.com]]>
              </value>
            </param>
          </params>
          <reporter-output>
          </reporter-output>
        </test-method> <!-- TC04_LoginSuccessTest -->
        <test-method is-config="true" signature="TearDown()[pri:0, instance:TestCases.LoginTest@1caa0244]" started-at="2024-07-28T05:44:43 GMT-11:00" name="TearDown" finished-at="2024-07-28T05:44:43 GMT-11:00" duration-ms="189" status="PASS">
          <reporter-output>
          </reporter-output>
        </test-method> <!-- TearDown -->
        <test-method is-config="true" signature="SetUpDriver()[pri:0, instance:TestCases.LoginTest@1caa0244]" started-at="2024-07-28T05:44:43 GMT-11:00" name="SetUpDriver" finished-at="2024-07-28T05:44:46 GMT-11:00" duration-ms="2340" status="PASS">
          <reporter-output>
          </reporter-output>
        </test-method> <!-- SetUpDriver -->
        <test-method signature="TC04_LoginSuccessTest(java.lang.String)[pri:0, instance:TestCases.LoginTest@1caa0244]" started-at="2024-07-28T05:44:46 GMT-11:00" name="TC04_LoginSuccessTest" data-provider="dp" finished-at="2024-07-28T05:44:53 GMT-11:00" duration-ms="7718" status="PASS">
          <params>
            <param index="0">
              <value>
                <![CDATA[ccc@xyz.com]]>
              </value>
            </param>
          </params>
          <reporter-output>
          </reporter-output>
        </test-method> <!-- TC04_LoginSuccessTest -->
        <test-method is-config="true" signature="TearDown()[pri:0, instance:TestCases.LoginTest@1caa0244]" started-at="2024-07-28T05:44:53 GMT-11:00" name="TearDown" finished-at="2024-07-28T05:44:53 GMT-11:00" duration-ms="201" status="PASS">
          <reporter-output>
          </reporter-output>
        </test-method> <!-- TearDown -->
        <test-method is-config="true" signature="SetUpDriver()[pri:0, instance:TestCases.LoginTest@1caa0244]" started-at="2024-07-28T05:44:53 GMT-11:00" name="SetUpDriver" finished-at="2024-07-28T05:44:57 GMT-11:00" duration-ms="3811" status="PASS">
          <reporter-output>
          </reporter-output>
        </test-method> <!-- SetUpDriver -->
        <test-method signature="TC04_LoginSuccessTest(java.lang.String)[pri:0, instance:TestCases.LoginTest@1caa0244]" started-at="2024-07-28T05:44:57 GMT-11:00" name="TC04_LoginSuccessTest" data-provider="dp" finished-at="2024-07-28T05:45:05 GMT-11:00" duration-ms="8197" status="PASS">
          <params>
            <param index="0">
              <value>
                <![CDATA[eee@xyz.com]]>
              </value>
            </param>
          </params>
          <reporter-output>
          </reporter-output>
        </test-method> <!-- TC04_LoginSuccessTest -->
        <test-method is-config="true" signature="TearDown()[pri:0, instance:TestCases.LoginTest@1caa0244]" started-at="2024-07-28T05:45:05 GMT-11:00" name="TearDown" finished-at="2024-07-28T05:45:06 GMT-11:00" duration-ms="211" status="PASS">
          <reporter-output>
          </reporter-output>
        </test-method> <!-- TearDown -->
        <test-method is-config="true" signature="SetUpDriver()[pri:0, instance:TestCases.LoginTest@1caa0244]" started-at="2024-07-28T05:45:06 GMT-11:00" name="SetUpDriver" finished-at="2024-07-28T05:45:08 GMT-11:00" duration-ms="2777" status="PASS">
          <reporter-output>
          </reporter-output>
        </test-method> <!-- SetUpDriver -->
        <test-method signature="TC04_LoginSuccessTest(java.lang.String)[pri:0, instance:TestCases.LoginTest@1caa0244]" started-at="2024-07-28T05:45:08 GMT-11:00" name="TC04_LoginSuccessTest" data-provider="dp" finished-at="2024-07-28T05:45:15 GMT-11:00" duration-ms="6230" status="PASS">
          <params>
            <param index="0">
              <value>
                <![CDATA[aaa@xyz.com]]>
              </value>
            </param>
          </params>
          <reporter-output>
          </reporter-output>
        </test-method> <!-- TC04_LoginSuccessTest -->
        <test-method is-config="true" signature="TearDown()[pri:0, instance:TestCases.LoginTest@1caa0244]" started-at="2024-07-28T05:45:15 GMT-11:00" name="TearDown" finished-at="2024-07-28T05:45:15 GMT-11:00" duration-ms="205" status="PASS">
          <reporter-output>
          </reporter-output>
        </test-method> <!-- TearDown -->
        <test-method is-config="true" signature="SetUpDriver()[pri:0, instance:TestCases.LoginTest@1caa0244]" started-at="2024-07-28T05:45:15 GMT-11:00" name="SetUpDriver" finished-at="2024-07-28T05:45:18 GMT-11:00" duration-ms="2879" status="PASS">
          <reporter-output>
          </reporter-output>
        </test-method> <!-- SetUpDriver -->
        <test-method signature="TC04_LoginSuccessTest(java.lang.String)[pri:0, instance:TestCases.LoginTest@1caa0244]" started-at="2024-07-28T05:45:18 GMT-11:00" name="TC04_LoginSuccessTest" data-provider="dp" finished-at="2024-07-28T05:45:25 GMT-11:00" duration-ms="6940" status="PASS">
          <params>
            <param index="0">
              <value>
                <![CDATA[bbb@xyz.com]]>
              </value>
            </param>
          </params>
          <reporter-output>
          </reporter-output>
        </test-method> <!-- TC04_LoginSuccessTest -->
        <test-method is-config="true" signature="TearDown()[pri:0, instance:TestCases.LoginTest@1caa0244]" started-at="2024-07-28T05:45:25 GMT-11:00" name="TearDown" finished-at="2024-07-28T05:45:25 GMT-11:00" duration-ms="189" status="PASS">
          <reporter-output>
          </reporter-output>
        </test-method> <!-- TearDown -->
      </class> <!-- TestCases.LoginTest -->
      <class name="TestCases.HomePageTest">
        <test-method is-config="true" signature="SetUpDriver()[pri:0, instance:TestCases.HomePageTest@543295b0]" started-at="2024-07-28T05:44:09 GMT-11:00" name="SetUpDriver" finished-at="2024-07-28T05:44:12 GMT-11:00" duration-ms="3353" status="PASS">
          <reporter-output>
          </reporter-output>
        </test-method> <!-- SetUpDriver -->
        <test-method signature="TC03_SomeName()[pri:0, instance:TestCases.HomePageTest@543295b0]" started-at="2024-07-28T05:44:12 GMT-11:00" name="TC03_SomeName" finished-at="2024-07-28T05:44:12 GMT-11:00" duration-ms="12" status="PASS">
          <reporter-output>
          </reporter-output>
        </test-method> <!-- TC03_SomeName -->
        <test-method is-config="true" signature="TearDown()[pri:0, instance:TestCases.HomePageTest@543295b0]" started-at="2024-07-28T05:44:12 GMT-11:00" name="TearDown" finished-at="2024-07-28T05:44:12 GMT-11:00" duration-ms="243" status="PASS">
          <reporter-output>
          </reporter-output>
        </test-method> <!-- TearDown -->
      </class> <!-- TestCases.HomePageTest -->
    </test> <!-- Test -->
  </suite> <!-- Suite -->
</testng-results>
