<?xml version="1.0" encoding="UTF-8"?>
<!-- Generated by org.testng.reporters.JUnitXMLReporter -->
<testsuite ignored="5" hostname="DESKTOP-P1434LQ" failures="1" tests="2" name="Test" time="17.803" errors="0" timestamp="2024-10-06T04:25:24 GMT-11:00">
  <testcase classname="TestCases.LoginTest" name="TC01_LoginFailureTest" time="5.106">
    <failure type="junit.framework.ComparisonFailure" message="expected:&amp;lt;The email or password you have entered is invalid&amp;gt; but was:&amp;lt;Please enter a valid email address&amp;gt;">
      <![CDATA[junit.framework.ComparisonFailure: expected:<The email or password you have entered is invalid> but was:<Please enter a valid email address>
at junit.framework.Assert.assertEquals(Assert.java:81)
at junit.framework.Assert.assertEquals(Assert.java:87)
at Pages.LoginPage.ValidateErrorMsg(LoginPage.java:46)
at TestCases.LoginTest.TC01_LoginFailureTest(LoginTest.java:22)
at java.base/java.util.ArrayList.forEach(ArrayList.java:1541)
... Removed 31 stack frames]]>
    </failure>
  </testcase> <!-- TC01_LoginFailureTest -->
  <testcase classname="TestCases.LoginTest" name="TC02_LoginSuccessTest" time="5.024"/>
  <testcase classname="TestCases.LoginTest" name="TC04_LoginSuccessTest" time="0.0">
    <ignored/>
  </testcase> <!-- TC04_LoginSuccessTest -->
  <testcase classname="TestCases.BaseClass" name="@AfterTest CloseExcel" time="0.0">
    <ignored/>
  </testcase> <!-- @AfterTest CloseExcel -->
  <testcase classname="TestCases.BaseClass" name="@BeforeTest SetUpExcel" time="0.0">
    <ignored/>
  </testcase> <!-- @BeforeTest SetUpExcel -->
  <testcase classname="TestCases.HomePageTest" name="TC03_SomeName" time="0.0">
    <ignored/>
  </testcase> <!-- TC03_SomeName -->
  <testcase classname="TestCases.LoginTest" name="TC03_LoginSuccessTest" time="0.0">
    <ignored/>
  </testcase> <!-- TC03_LoginSuccessTest -->
</testsuite> <!-- Test -->
